{
  "stats": {
    "suites": 19,
    "tests": 34,
    "passes": 34,
    "pending": 0,
    "failures": 0,
    "start": "2020-10-07T12:53:00.605Z",
    "end": "2020-10-07T13:00:40.442Z",
    "duration": 163659,
    "testsRegistered": 34,
    "passPercent": 100,
    "pendingPercent": 0,
    "other": 0,
    "hasOther": false,
    "skipped": 0,
    "hasSkipped": false
  },
  "results": [
    {
      "uuid": "ff60f44f-3571-49e6-90e6-fdcd566add07",
      "title": "",
      "fullFile": "cypress\\integration\\automation-test-store\\alias-invoke.spec.js",
      "file": "cypress\\integration\\automation-test-store\\alias-invoke.spec.js",
      "beforeHooks": [],
      "afterHooks": [],
      "tests": [],
      "suites": [
        {
          "uuid": "faa16a8c-b6dc-46af-b16a-f8c0305912d2",
          "title": "Alias and invoke",
          "fullFile": "",
          "file": "",
          "beforeHooks": [],
          "afterHooks": [],
          "tests": [
            {
              "title": "Calculate total of normal and sale products",
              "fullTitle": "Alias and invoke Calculate total of normal and sale products",
              "timedOut": null,
              "duration": 14606,
              "state": "passed",
              "speed": "slow",
              "pass": true,
              "fail": false,
              "pending": false,
              "context": null,
              "code": "cy.visit('https://www.automationteststore.com/');\ncy.get('.thumbnail').as('productThumbnail');\ncy.get('@productThumbnail').find('.oneprice').invoke('text').as('itemPrice');\ncy.get('@productThumbnail').find('.pricenew').invoke('text').as('saleItemPrice');\ncy.get('@productThumbnail').find('.priceold').invoke('text').as('oldItemPrice');\ncy.get('@itemPrice').then(function (prices) {\n  var calcPrice = calculateCart(prices, 'Total price products');\n  expect(calcPrice).to.equal(215.45);\n});\ncy.get('@saleItemPrice').then(function (prices) {\n  var calcPrice = calculateCart(prices, 'Total sale price products');\n  expect(calcPrice).to.equal(357);\n});\ncy.get('@oldItemPrice').then(function (prices) {\n  var calcPrice = calculateCart(prices, 'Total old price products');\n  expect(calcPrice).to.equal(447.5);\n});",
              "err": {},
              "uuid": "e3c5cfb6-f856-4658-b3ee-fd5c4f2e32b3",
              "parentUUID": "faa16a8c-b6dc-46af-b16a-f8c0305912d2",
              "isHook": false,
              "skipped": false
            }
          ],
          "suites": [],
          "passes": [
            "e3c5cfb6-f856-4658-b3ee-fd5c4f2e32b3"
          ],
          "failures": [],
          "pending": [],
          "skipped": [],
          "duration": 14606,
          "root": false,
          "rootEmpty": false,
          "_timeout": 2000
        }
      ],
      "passes": [],
      "failures": [],
      "pending": [],
      "skipped": [],
      "duration": 0,
      "root": true,
      "rootEmpty": true,
      "_timeout": 2000
    },
    {
      "uuid": "86f6d2c5-497d-4b22-89f1-8ded39a26f05",
      "title": "",
      "fullFile": "cypress\\integration\\automation-test-store\\contact-us.spec.js",
      "file": "cypress\\integration\\automation-test-store\\contact-us.spec.js",
      "beforeHooks": [],
      "afterHooks": [],
      "tests": [],
      "suites": [
        {
          "uuid": "1aad7c68-1c79-4014-82bb-f700e92a2c53",
          "title": "Test Contact Us form via Automation Test Store",
          "fullFile": "",
          "file": "",
          "beforeHooks": [],
          "afterHooks": [],
          "tests": [
            {
              "title": "Should be able to submit a successful submission via contact us form",
              "fullTitle": "Test Contact Us form via Automation Test Store Should be able to submit a successful submission via contact us form",
              "timedOut": null,
              "duration": 14598,
              "state": "passed",
              "speed": "slow",
              "pass": true,
              "fail": false,
              "pending": false,
              "context": null,
              "code": "cy.visit('https://www.automationteststore.com/');\ncy.get('a[href$=\"contact\"]').click().then(function (linkElement) {\n  cy.log('You clicked by link with text', linkElement.text());\n}); // cy.xpath(\"//a[contains(@href, 'contact')]\").click();\ncy.get('#ContactUsFrm_first_name').type('Joe');\ncy.get('#ContactUsFrm_email').type('joe_blogs@mail.it');\ncy.get('#ContactUsFrm_email').should('have.attr', 'name', 'email');\ncy.get('#ContactUsFrm_enquiry').type('Do you provide additional discount on bulk orders?');\ncy.get('.col-md-6 > .btn').click();\ncy.get('.mb40 > :nth-child(3)').should('have.text', 'Your enquiry has been successfully sent to the store owner!');",
              "err": {},
              "uuid": "da47d25d-3921-440f-ae25-17f6471ce665",
              "parentUUID": "1aad7c68-1c79-4014-82bb-f700e92a2c53",
              "isHook": false,
              "skipped": false
            }
          ],
          "suites": [],
          "passes": [
            "da47d25d-3921-440f-ae25-17f6471ce665"
          ],
          "failures": [],
          "pending": [],
          "skipped": [],
          "duration": 14598,
          "root": false,
          "rootEmpty": false,
          "_timeout": 2000
        }
      ],
      "passes": [],
      "failures": [],
      "pending": [],
      "skipped": [],
      "duration": 0,
      "root": true,
      "rootEmpty": true,
      "_timeout": 2000
    },
    {
      "uuid": "6e96c03e-d0c2-42ef-ac0b-da54928aa4ef",
      "title": "",
      "fullFile": "cypress\\integration\\automation-test-store\\inspect-items.spec.js",
      "file": "cypress\\integration\\automation-test-store\\inspect-items.spec.js",
      "beforeHooks": [],
      "afterHooks": [],
      "tests": [],
      "suites": [
        {
          "uuid": "35700354-b6d0-44c3-a08e-9f88c3b67899",
          "title": "Inspect Automation Test Store items using chain of commands",
          "fullFile": "",
          "file": "",
          "beforeHooks": [],
          "afterHooks": [],
          "tests": [
            {
              "title": "Click on the first item using item header",
              "fullTitle": "Inspect Automation Test Store items using chain of commands Click on the first item using item header",
              "timedOut": null,
              "duration": 9457,
              "state": "passed",
              "speed": "slow",
              "pass": true,
              "fail": false,
              "pending": false,
              "context": null,
              "code": "cy.get('#block_frame_featured_1769 > .thumbnails > :nth-child(1) > .fixed_wrapper > .fixed > .prdocutname').click();",
              "err": {},
              "uuid": "989ff1c2-14cf-4103-9844-609985a32ffb",
              "parentUUID": "35700354-b6d0-44c3-a08e-9f88c3b67899",
              "isHook": false,
              "skipped": false
            },
            {
              "title": "Click on the first item using item text",
              "fullTitle": "Inspect Automation Test Store items using chain of commands Click on the first item using item text",
              "timedOut": null,
              "duration": 9772,
              "state": "passed",
              "speed": "slow",
              "pass": true,
              "fail": false,
              "pending": false,
              "context": null,
              "code": "cy.get('.prdocutname').contains('Skinsheen Bronzer Stick').click().then(function (itemHeaderText) {\n  console.log('Selected the following item:', itemHeaderText.text());\n});",
              "err": {},
              "uuid": "7d597e15-4e0d-45a4-88fd-207c8b8ca789",
              "parentUUID": "35700354-b6d0-44c3-a08e-9f88c3b67899",
              "isHook": false,
              "skipped": false
            },
            {
              "title": "Click on the first item using index",
              "fullTitle": "Inspect Automation Test Store items using chain of commands Click on the first item using index",
              "timedOut": null,
              "duration": 7967,
              "state": "passed",
              "speed": "slow",
              "pass": true,
              "fail": false,
              "pending": false,
              "context": null,
              "code": "cy.get('[href=\"https://automationteststore.com/index.php?rt=product/category&path=68\"]').parent('li').trigger('mouseenter', 'center');\ncy.get('.fixed_wrapper').find('.prdocutname').eq(0).click();",
              "err": {},
              "uuid": "50021891-29dd-4d25-b7e9-ebc3706134af",
              "parentUUID": "35700354-b6d0-44c3-a08e-9f88c3b67899",
              "isHook": false,
              "skipped": false
            }
          ],
          "suites": [],
          "passes": [
            "989ff1c2-14cf-4103-9844-609985a32ffb",
            "7d597e15-4e0d-45a4-88fd-207c8b8ca789",
            "50021891-29dd-4d25-b7e9-ebc3706134af"
          ],
          "failures": [],
          "pending": [],
          "skipped": [],
          "duration": 27196,
          "root": false,
          "rootEmpty": false,
          "_timeout": 2000
        }
      ],
      "passes": [],
      "failures": [],
      "pending": [],
      "skipped": [],
      "duration": 0,
      "root": true,
      "rootEmpty": true,
      "_timeout": 2000
    },
    {
      "uuid": "4fa73a51-4437-45be-90b5-50a403f75f2c",
      "title": "",
      "fullFile": "cypress\\integration\\automation-test-store\\iterate-over-elements.spec.js",
      "file": "cypress\\integration\\automation-test-store\\iterate-over-elements.spec.js",
      "beforeHooks": [],
      "afterHooks": [],
      "tests": [],
      "suites": [
        {
          "uuid": "2073e743-4f6b-4147-a9d9-9d8b7bf41472",
          "title": "Iterate over elements",
          "fullFile": "",
          "file": "",
          "beforeHooks": [],
          "afterHooks": [],
          "tests": [
            {
              "title": "Log information of all hair care products",
              "fullTitle": "Iterate over elements Log information of all hair care products",
              "timedOut": null,
              "duration": 4269,
              "state": "passed",
              "speed": "slow",
              "pass": true,
              "fail": false,
              "pending": false,
              "context": null,
              "code": "cy.get('.fixed_wrapper .prdocutname').each(function ($el, index, $list) {\n  cy.log(\"Index: \".concat(index, \" : \").concat($el.text()));\n});",
              "err": {},
              "uuid": "82f46f30-3bcf-4413-9ade-30892a7565aa",
              "parentUUID": "2073e743-4f6b-4147-a9d9-9d8b7bf41472",
              "isHook": false,
              "skipped": false
            },
            {
              "title": "Add specific product to basket",
              "fullTitle": "Iterate over elements Add specific product to basket",
              "timedOut": null,
              "duration": 6658,
              "state": "passed",
              "speed": "slow",
              "pass": true,
              "fail": false,
              "pending": false,
              "context": null,
              "code": "cy.selectProduct('Curls to straight Shampoo', '.fixed_wrapper .prdocutname');",
              "err": {},
              "uuid": "6bcc6266-fb2a-4f87-8dcd-205358355e77",
              "parentUUID": "2073e743-4f6b-4147-a9d9-9d8b7bf41472",
              "isHook": false,
              "skipped": false
            },
            {
              "title": "Add another specific product to basket",
              "fullTitle": "Iterate over elements Add another specific product to basket",
              "timedOut": null,
              "duration": 5293,
              "state": "passed",
              "speed": "slow",
              "pass": true,
              "fail": false,
              "pending": false,
              "context": null,
              "code": "cy.selectProduct('Seaweed Conditioner', '.fixed_wrapper .prdocutname');",
              "err": {},
              "uuid": "c74dc2b4-d80f-4f7a-aea4-cc5664c553e2",
              "parentUUID": "2073e743-4f6b-4147-a9d9-9d8b7bf41472",
              "isHook": false,
              "skipped": false
            }
          ],
          "suites": [],
          "passes": [
            "82f46f30-3bcf-4413-9ade-30892a7565aa",
            "6bcc6266-fb2a-4f87-8dcd-205358355e77",
            "c74dc2b4-d80f-4f7a-aea4-cc5664c553e2"
          ],
          "failures": [],
          "pending": [],
          "skipped": [],
          "duration": 16220,
          "root": false,
          "rootEmpty": false,
          "_timeout": 2000
        }
      ],
      "passes": [],
      "failures": [],
      "pending": [],
      "skipped": [],
      "duration": 0,
      "root": true,
      "rootEmpty": true,
      "_timeout": 2000
    },
    {
      "uuid": "e2a985e7-0de3-4cea-a8d6-07d60c82885b",
      "title": "",
      "fullFile": "cypress\\integration\\automation-test-store\\variables-and-cy-commands.spec.js",
      "file": "cypress\\integration\\automation-test-store\\variables-and-cy-commands.spec.js",
      "beforeHooks": [],
      "afterHooks": [],
      "tests": [],
      "suites": [
        {
          "uuid": "ea756195-41d2-4d77-9fd9-357fdb9da155",
          "title": "Verifying variables, cypress commands and jquery commands",
          "fullFile": "",
          "file": "",
          "beforeHooks": [],
          "afterHooks": [],
          "tests": [
            {
              "title": "Validate properties of the Contact Us Page",
              "fullTitle": "Verifying variables, cypress commands and jquery commands Validate properties of the Contact Us Page",
              "timedOut": null,
              "duration": 3518,
              "state": "passed",
              "speed": "slow",
              "pass": true,
              "fail": false,
              "pending": false,
              "context": null,
              "code": "cy.visit('https://automationteststore.com/index.php?rt=content/contact'); // uses cypress commands and chaining\ncy.contains('#ContactUsFrm', 'Contact Us Form').find('#field_11').should('contain', 'First name:'); // JQuery Approach\ncy.contains('#ContactUsFrm', 'Contact Us Form').then(function ($el) {\n  var firstNameText = $el.find('#field_11').text().trim();\n  cy.log(firstNameText);\n  expect(firstNameText).to.contain('First name:');\n}); // Embedded commands (Closure)\ncy.get('#field_11').then(function ($el) {\n  expect($el.text()).to.contain('First name');\n});",
              "err": {},
              "uuid": "be3534a4-b7d7-428c-b42b-fb8aa753b8f3",
              "parentUUID": "ea756195-41d2-4d77-9fd9-357fdb9da155",
              "isHook": false,
              "skipped": false
            }
          ],
          "suites": [],
          "passes": [
            "be3534a4-b7d7-428c-b42b-fb8aa753b8f3"
          ],
          "failures": [],
          "pending": [],
          "skipped": [],
          "duration": 3518,
          "root": false,
          "rootEmpty": false,
          "_timeout": 2000
        }
      ],
      "passes": [],
      "failures": [],
      "pending": [],
      "skipped": [],
      "duration": 0,
      "root": true,
      "rootEmpty": true,
      "_timeout": 2000
    },
    {
      "uuid": "39d7ce6a-c43e-4ec9-ac83-f2ec848b8d82",
      "title": "",
      "fullFile": "cypress\\integration\\other\\same-origin-policy.spec.js",
      "file": "cypress\\integration\\other\\same-origin-policy.spec.js",
      "beforeHooks": [],
      "afterHooks": [],
      "tests": [],
      "suites": [
        {
          "uuid": "47787c26-5c3f-4f0e-ad59-9adfbb233027",
          "title": "Cypress web security",
          "fullFile": "",
          "file": "",
          "beforeHooks": [],
          "afterHooks": [],
          "tests": [
            {
              "title": "Validate visiting two different domains via user actions",
              "fullTitle": "Cypress web security Validate visiting two different domains via user actions",
              "timedOut": null,
              "duration": 3704,
              "state": "passed",
              "speed": "slow",
              "pass": true,
              "fail": false,
              "pending": false,
              "context": null,
              "code": "cy.visit('http://www.webdriveruniversity.com/');\ncy.get('#automation-test-store').invoke('removeAttr', 'target').click();",
              "err": {},
              "uuid": "6fab6fe6-1a77-47f8-ad00-adbd60b40df1",
              "parentUUID": "47787c26-5c3f-4f0e-ad59-9adfbb233027",
              "isHook": false,
              "skipped": false
            }
          ],
          "suites": [],
          "passes": [
            "6fab6fe6-1a77-47f8-ad00-adbd60b40df1"
          ],
          "failures": [],
          "pending": [],
          "skipped": [],
          "duration": 3704,
          "root": false,
          "rootEmpty": false,
          "_timeout": 2000
        }
      ],
      "passes": [],
      "failures": [],
      "pending": [],
      "skipped": [],
      "duration": 0,
      "root": true,
      "rootEmpty": true,
      "_timeout": 2000
    },
    {
      "uuid": "a4547af9-9c1b-40e6-b9ab-82b207b60d63",
      "title": "",
      "fullFile": "cypress\\integration\\webdriver-uni\\alerts.spec.js",
      "file": "cypress\\integration\\webdriver-uni\\alerts.spec.js",
      "beforeHooks": [],
      "afterHooks": [],
      "tests": [],
      "suites": [
        {
          "uuid": "7bcd097b-1392-4ad3-b1e2-b3016b6ee6b7",
          "title": "Handle js alerts",
          "fullFile": "",
          "file": "",
          "beforeHooks": [],
          "afterHooks": [],
          "tests": [
            {
              "title": "Confirm js alert contains the correct text",
              "fullTitle": "Handle js alerts Confirm js alert contains the correct text",
              "timedOut": null,
              "duration": 5118,
              "state": "passed",
              "speed": "slow",
              "pass": true,
              "fail": false,
              "pending": false,
              "context": null,
              "code": "cy.get(\"#button1\").click();\ncy.on('window:alert', function (str) {\n  expect(str).to.equal('I am an alert box!');\n});",
              "err": {},
              "uuid": "a3d05ed5-55a6-47fd-82c3-590d9012b63a",
              "parentUUID": "7bcd097b-1392-4ad3-b1e2-b3016b6ee6b7",
              "isHook": false,
              "skipped": false
            },
            {
              "title": "Validate js confirm alert box works correctly when clicking ok",
              "fullTitle": "Handle js alerts Validate js confirm alert box works correctly when clicking ok",
              "timedOut": null,
              "duration": 2476,
              "state": "passed",
              "speed": "slow",
              "pass": true,
              "fail": false,
              "pending": false,
              "context": null,
              "code": "cy.get('#button4').click();\ncy.on('window:confirm', function (str) {\n  return true;\n});\ncy.get('#confirm-alert-text').should('contain', 'You pressed OK!');",
              "err": {},
              "uuid": "8c4e6d4c-74ec-4ce5-a37f-d390fa34648c",
              "parentUUID": "7bcd097b-1392-4ad3-b1e2-b3016b6ee6b7",
              "isHook": false,
              "skipped": false
            },
            {
              "title": "Validate js confirm alert box works correctly when clicking cancel",
              "fullTitle": "Handle js alerts Validate js confirm alert box works correctly when clicking cancel",
              "timedOut": null,
              "duration": 2101,
              "state": "passed",
              "speed": "slow",
              "pass": true,
              "fail": false,
              "pending": false,
              "context": null,
              "code": "cy.get('#button4').click();\ncy.on('window:confirm', function (str) {\n  return false;\n});\ncy.get('#confirm-alert-text').should('contain', 'You pressed Cancel!');",
              "err": {},
              "uuid": "9665d54e-9dba-4528-994b-49d4fb3ac3ca",
              "parentUUID": "7bcd097b-1392-4ad3-b1e2-b3016b6ee6b7",
              "isHook": false,
              "skipped": false
            },
            {
              "title": "Validate js confirm alert box using a stub",
              "fullTitle": "Handle js alerts Validate js confirm alert box using a stub",
              "timedOut": null,
              "duration": 977,
              "state": "passed",
              "speed": "slow",
              "pass": true,
              "fail": false,
              "pending": false,
              "context": null,
              "code": "var stub = cy.stub();\ncy.on('window:confirm', stub);\ncy.get('#button4').click().then(function () {\n  expect(stub.getCall(0)).to.be.calledWith('Press a button!');\n}).then(function () {\n  return true;\n}).then(function () {\n  cy.get('#confirm-alert-text').should('contain', 'You pressed OK!');\n});",
              "err": {},
              "uuid": "d3f035a4-7a03-4ae6-8508-eb4f7b824957",
              "parentUUID": "7bcd097b-1392-4ad3-b1e2-b3016b6ee6b7",
              "isHook": false,
              "skipped": false
            }
          ],
          "suites": [],
          "passes": [
            "a3d05ed5-55a6-47fd-82c3-590d9012b63a",
            "8c4e6d4c-74ec-4ce5-a37f-d390fa34648c",
            "9665d54e-9dba-4528-994b-49d4fb3ac3ca",
            "d3f035a4-7a03-4ae6-8508-eb4f7b824957"
          ],
          "failures": [],
          "pending": [],
          "skipped": [],
          "duration": 10672,
          "root": false,
          "rootEmpty": false,
          "_timeout": 2000
        }
      ],
      "passes": [],
      "failures": [],
      "pending": [],
      "skipped": [],
      "duration": 0,
      "root": true,
      "rootEmpty": true,
      "_timeout": 2000
    },
    {
      "uuid": "ebcf0380-a417-4478-9774-7d4b631a108c",
      "title": "",
      "fullFile": "cypress\\integration\\webdriver-uni\\autocomplete.spec.js",
      "file": "cypress\\integration\\webdriver-uni\\autocomplete.spec.js",
      "beforeHooks": [],
      "afterHooks": [],
      "tests": [],
      "suites": [
        {
          "uuid": "11091938-7419-435d-ae04-f0663a68b835",
          "title": "Verify Autocomplete dropdown list viw webdriveruni",
          "fullFile": "",
          "file": "",
          "beforeHooks": [],
          "afterHooks": [],
          "tests": [
            {
              "title": "Select specific product via autocomplete list",
              "fullTitle": "Verify Autocomplete dropdown list viw webdriveruni Select specific product via autocomplete list",
              "timedOut": null,
              "duration": 5601,
              "state": "passed",
              "speed": "slow",
              "pass": true,
              "fail": false,
              "pending": false,
              "context": null,
              "code": "cy.get('@autocomplete').type('app');\ncy.get('#myInputautocomplete-list > div').eq(0).click();\ncy.get('@autocomplete').should('have.value', 'Apple');",
              "err": {},
              "uuid": "6306713c-1dd3-4496-a6b5-7b9d5810bcf8",
              "parentUUID": "11091938-7419-435d-ae04-f0663a68b835",
              "isHook": false,
              "skipped": false
            },
            {
              "title": "Select product",
              "fullTitle": "Verify Autocomplete dropdown list viw webdriveruni Select product",
              "timedOut": null,
              "duration": 3397,
              "state": "passed",
              "speed": "slow",
              "pass": true,
              "fail": false,
              "pending": false,
              "context": null,
              "code": "cy.get('@autocomplete').type('A');\nvar testingProduct = 'Avacado';\ncy.get('#myInputautocomplete-list > *').each(function ($el, index, $list) {\n  var text = $el.text();\n  cy.log(text);\n  if (text === testingProduct) {\n    // cy.get($el).click();\n    // cy.wrap($el).click();\n    $el.click();\n    cy.get('@submitBtn').click();\n    cy.url().should('contain', testingProduct);\n  }\n});",
              "err": {},
              "uuid": "05120ae7-a55f-4dff-8337-a705ef56ef35",
              "parentUUID": "11091938-7419-435d-ae04-f0663a68b835",
              "isHook": false,
              "skipped": false
            }
          ],
          "suites": [],
          "passes": [
            "6306713c-1dd3-4496-a6b5-7b9d5810bcf8",
            "05120ae7-a55f-4dff-8337-a705ef56ef35"
          ],
          "failures": [],
          "pending": [],
          "skipped": [],
          "duration": 8998,
          "root": false,
          "rootEmpty": false,
          "_timeout": 2000
        }
      ],
      "passes": [],
      "failures": [],
      "pending": [],
      "skipped": [],
      "duration": 0,
      "root": true,
      "rootEmpty": true,
      "_timeout": 2000
    },
    {
      "uuid": "f36bed24-0f2c-4156-9c98-ea92db39b9d5",
      "title": "",
      "fullFile": "cypress\\integration\\webdriver-uni\\browser-navigation.spec.js",
      "file": "cypress\\integration\\webdriver-uni\\browser-navigation.spec.js",
      "beforeHooks": [],
      "afterHooks": [],
      "tests": [],
      "suites": [
        {
          "uuid": "7259f1ea-c8e9-4107-b27d-c70f6a186f9c",
          "title": "Validate WebdriverUni homepage links",
          "fullFile": "",
          "file": "",
          "beforeHooks": [],
          "afterHooks": [],
          "tests": [
            {
              "title": "Confirm links redirect to the correct pages",
              "fullTitle": "Validate WebdriverUni homepage links Confirm links redirect to the correct pages",
              "timedOut": null,
              "duration": 10364,
              "state": "passed",
              "speed": "slow",
              "pass": true,
              "fail": false,
              "pending": false,
              "context": null,
              "code": "cy.visit('/');\ncy.get('#contact-us').invoke('removeAttr', 'target').click({\n  force: true\n});\ncy.url().should('contain', 'contactus.html');\ncy.go('back');\ncy.reload();\ncy.go('forward');\ncy.url().should('contain', 'contactus.html');\ncy.go('back');\ncy.get('#login-portal').invoke('removeAttr', 'target').click({\n  force: true\n});\ncy.url().should('contain', 'Login-Portal');\ncy.get('#text').type('cesear@bk.ru', {\n  delay: 100\n});\ncy.get('#password').type('password', {\n  delay: 100\n}).blur();",
              "err": {},
              "uuid": "ec4ffefa-773e-47e8-9c40-fad3b1b0acd9",
              "parentUUID": "7259f1ea-c8e9-4107-b27d-c70f6a186f9c",
              "isHook": false,
              "skipped": false
            }
          ],
          "suites": [],
          "passes": [
            "ec4ffefa-773e-47e8-9c40-fad3b1b0acd9"
          ],
          "failures": [],
          "pending": [],
          "skipped": [],
          "duration": 10364,
          "root": false,
          "rootEmpty": false,
          "_timeout": 2000
        }
      ],
      "passes": [],
      "failures": [],
      "pending": [],
      "skipped": [],
      "duration": 0,
      "root": true,
      "rootEmpty": true,
      "_timeout": 2000
    },
    {
      "uuid": "d78b0740-d4a9-4b75-8134-86f603d6712a",
      "title": "",
      "fullFile": "cypress\\integration\\webdriver-uni\\checkboxes.spec.js",
      "file": "cypress\\integration\\webdriver-uni\\checkboxes.spec.js",
      "beforeHooks": [],
      "afterHooks": [],
      "tests": [],
      "suites": [
        {
          "uuid": "4ae7af0b-3d9f-403d-8d74-68f11590440f",
          "title": "Verify checkboxes via webdrivenuni",
          "fullFile": "",
          "file": "",
          "beforeHooks": [],
          "afterHooks": [],
          "tests": [
            {
              "title": "Check and validate checkbox",
              "fullTitle": "Verify checkboxes via webdrivenuni Check and validate checkbox",
              "timedOut": null,
              "duration": 4659,
              "state": "passed",
              "speed": "slow",
              "pass": true,
              "fail": false,
              "pending": false,
              "context": null,
              "code": "// cy.get('#checkboxes > :nth-child(1) > input').check().should('be.checked');\ncy.get('#checkboxes > :nth-child(1) > input').as('option-1');\ncy.get('@option-1').check();\ncy.get('@option-1').should('be.checked');",
              "err": {},
              "uuid": "d3cbc48d-c8a3-40c2-a72a-72df32cdd466",
              "parentUUID": "4ae7af0b-3d9f-403d-8d74-68f11590440f",
              "isHook": false,
              "skipped": false
            },
            {
              "title": "Uncheck and validate checkbox",
              "fullTitle": "Verify checkboxes via webdrivenuni Uncheck and validate checkbox",
              "timedOut": null,
              "duration": 1341,
              "state": "passed",
              "speed": "slow",
              "pass": true,
              "fail": false,
              "pending": false,
              "context": null,
              "code": "// cy.get('#checkboxes > :nth-child(1) > input').check().should('be.checked');\ncy.get('#checkboxes > :nth-child(5) > input').as('option-5');\ncy.get('@option-5').uncheck();\ncy.get('@option-5').should('not.be.checked');",
              "err": {},
              "uuid": "5a0e454b-120a-4408-a75c-8fe5b923a6ec",
              "parentUUID": "4ae7af0b-3d9f-403d-8d74-68f11590440f",
              "isHook": false,
              "skipped": false
            },
            {
              "title": "Multiply check ckeckboxes",
              "fullTitle": "Verify checkboxes via webdrivenuni Multiply check ckeckboxes",
              "timedOut": null,
              "duration": 1601,
              "state": "passed",
              "speed": "slow",
              "pass": true,
              "fail": false,
              "pending": false,
              "context": null,
              "code": "cy.get('input[type=\"checkbox\"]').as('checkboxes');\ncy.get('@checkboxes').check(['option-1', 'option-2', 'option-4']).should('be.checked');",
              "err": {},
              "uuid": "eab20a90-4fc8-4936-8c2f-6d9aa1b8916a",
              "parentUUID": "4ae7af0b-3d9f-403d-8d74-68f11590440f",
              "isHook": false,
              "skipped": false
            }
          ],
          "suites": [],
          "passes": [
            "d3cbc48d-c8a3-40c2-a72a-72df32cdd466",
            "5a0e454b-120a-4408-a75c-8fe5b923a6ec",
            "eab20a90-4fc8-4936-8c2f-6d9aa1b8916a"
          ],
          "failures": [],
          "pending": [],
          "skipped": [],
          "duration": 7601,
          "root": false,
          "rootEmpty": false,
          "_timeout": 2000
        }
      ],
      "passes": [],
      "failures": [],
      "pending": [],
      "skipped": [],
      "duration": 0,
      "root": true,
      "rootEmpty": true,
      "_timeout": 2000
    },
    {
      "uuid": "d8c71f28-9a76-4288-8a0b-cc45a3df7a4f",
      "title": "",
      "fullFile": "cypress\\integration\\webdriver-uni\\contact-ui.spec.js",
      "file": "cypress\\integration\\webdriver-uni\\contact-ui.spec.js",
      "beforeHooks": [],
      "afterHooks": [],
      "tests": [],
      "suites": [
        {
          "uuid": "186aa599-d60c-42cd-a6c0-d4026817334f",
          "title": "Test Contact Us form via WebdriverUni",
          "fullFile": "",
          "file": "",
          "beforeHooks": [],
          "afterHooks": [],
          "tests": [
            {
              "title": "Should be able to submit a successful submission via contact us form",
              "fullTitle": "Test Contact Us form via WebdriverUni Should be able to submit a successful submission via contact us form",
              "timedOut": null,
              "duration": 8942,
              "state": "passed",
              "speed": "slow",
              "pass": true,
              "fail": false,
              "pending": false,
              "context": null,
              "code": "// cypress code\n// проверяем кодировку\ncy.document().should('have.property', 'charset').and('eq', 'UTF-8'); // проверяем название страницы\ncy.title().should('include', 'WebDriver | Contact Us'); // проверяем текущий адрес страницы\ncy.url().should('include', 'contactus.html'); // cy.webdriverUni_ContactForm_Submittion(\n//   Cypress.env('first_name'),\n//   data.last_name,\n//   data.email,\n//   data.body,\n//   'h1',\n//   'Thank You for your Message!'\n// );\ncontactUsPO.contactForm_Submittion(Cypress.env('first_name'), data.last_name, data.email, data.body, 'h1', 'Thank You for your Message!');",
              "err": {},
              "uuid": "b0ec81ca-9a1b-4e66-a88e-28ec6b937de4",
              "parentUUID": "186aa599-d60c-42cd-a6c0-d4026817334f",
              "isHook": false,
              "skipped": false
            },
            {
              "title": "Should not be able to submit a successful submission via contact us form as all fileds are required",
              "fullTitle": "Test Contact Us form via WebdriverUni Should not be able to submit a successful submission via contact us form as all fileds are required",
              "timedOut": null,
              "duration": 4056,
              "state": "passed",
              "speed": "slow",
              "pass": true,
              "fail": false,
              "pending": false,
              "context": null,
              "code": "// cy.webdriverUni_ContactForm_Submittion(\n//   data.first_name,\n//   data.last_name,\n//   ' ',\n//   data.body,\n//   'body',\n//   'Error: Invalid email address'\n// );\ncontactUsPO.contactForm_Submittion(data.first_name, data.last_name, ' ', data.body, 'body', 'Error: Invalid email address');",
              "err": {},
              "uuid": "d1cf5fd6-6b13-4f9c-9f82-2b57692c5e25",
              "parentUUID": "186aa599-d60c-42cd-a6c0-d4026817334f",
              "isHook": false,
              "skipped": false
            }
          ],
          "suites": [],
          "passes": [
            "b0ec81ca-9a1b-4e66-a88e-28ec6b937de4",
            "d1cf5fd6-6b13-4f9c-9f82-2b57692c5e25"
          ],
          "failures": [],
          "pending": [],
          "skipped": [],
          "duration": 12998,
          "root": false,
          "rootEmpty": false,
          "_timeout": 2000
        }
      ],
      "passes": [],
      "failures": [],
      "pending": [],
      "skipped": [],
      "duration": 0,
      "root": true,
      "rootEmpty": true,
      "_timeout": 2000
    },
    {
      "uuid": "8e477804-3bb8-4af4-b339-814df30ef29d",
      "title": "",
      "fullFile": "cypress\\integration\\webdriver-uni\\datepicker.spec.js",
      "file": "cypress\\integration\\webdriver-uni\\datepicker.spec.js",
      "beforeHooks": [],
      "afterHooks": [],
      "tests": [],
      "suites": [
        {
          "uuid": "56d98723-09e9-408c-8637-18f909af83b7",
          "title": "Test Datepicker via webdriverini",
          "fullFile": "",
          "file": "",
          "beforeHooks": [],
          "afterHooks": [],
          "tests": [
            {
              "title": "Select date from datepicker",
              "fullTitle": "Test Datepicker via webdriverini Select date from datepicker",
              "timedOut": null,
              "duration": 2543,
              "state": "passed",
              "speed": "slow",
              "pass": true,
              "fail": false,
              "pending": false,
              "context": null,
              "code": "var date = new Date();\ndate.setDate(date.getDate() + 5);\ncy.log(date.getDate());\ncy.get('.datepicker tbody td').each(function ($el) {\n  var elText = $el.text();\n  if (date.getDate() == elText) {\n    $el.click();\n  }\n});\ncy.get('.datepicker').should('not.be.visible');",
              "err": {},
              "uuid": "f09e2216-1ea1-4d89-bcca-d462c085014f",
              "parentUUID": "56d98723-09e9-408c-8637-18f909af83b7",
              "isHook": false,
              "skipped": false
            },
            {
              "title": "Test switch years",
              "fullTitle": "Test Datepicker via webdriverini Test switch years",
              "timedOut": null,
              "duration": 1356,
              "state": "passed",
              "speed": "slow",
              "pass": true,
              "fail": false,
              "pending": false,
              "context": null,
              "code": "cy.get('.datepicker-days > .table-condensed > thead > :nth-child(1) > .datepicker-switch').click();\ncy.get('.datepicker-months > .table-condensed > thead > tr > .datepicker-switch').click();",
              "err": {},
              "uuid": "350b85ea-0034-4a1b-80a5-96868d39b8e7",
              "parentUUID": "56d98723-09e9-408c-8637-18f909af83b7",
              "isHook": false,
              "skipped": false
            }
          ],
          "suites": [],
          "passes": [
            "f09e2216-1ea1-4d89-bcca-d462c085014f",
            "350b85ea-0034-4a1b-80a5-96868d39b8e7"
          ],
          "failures": [],
          "pending": [],
          "skipped": [],
          "duration": 3899,
          "root": false,
          "rootEmpty": false,
          "_timeout": 2000
        }
      ],
      "passes": [],
      "failures": [],
      "pending": [],
      "skipped": [],
      "duration": 0,
      "root": true,
      "rootEmpty": true,
      "_timeout": 2000
    },
    {
      "uuid": "8969f2d9-da95-4b72-8769-8875a318e714",
      "title": "",
      "fullFile": "cypress\\integration\\webdriver-uni\\dropdown-select.spec.js",
      "file": "cypress\\integration\\webdriver-uni\\dropdown-select.spec.js",
      "beforeHooks": [],
      "afterHooks": [],
      "tests": [],
      "suites": [
        {
          "uuid": "fe207361-2350-4ae6-a38c-67ece10722d4",
          "title": "Verify dropdowns via webdrivenuni",
          "fullFile": "",
          "file": "",
          "beforeHooks": [],
          "afterHooks": [],
          "tests": [
            {
              "title": "Select specific values via select dropdown lists",
              "fullTitle": "Verify dropdowns via webdrivenuni Select specific values via select dropdown lists",
              "timedOut": null,
              "duration": 2732,
              "state": "passed",
              "speed": "slow",
              "pass": true,
              "fail": false,
              "pending": false,
              "context": null,
              "code": "cy.get('#dropdowm-menu-1').select('python').should('have.value', 'python');\ncy.get('#dropdowm-menu-2').select('maven').should('have.value', 'maven');\ncy.get('#dropdowm-menu-3').select('javascript').should('have.value', 'javascript');",
              "err": {},
              "uuid": "94384da9-a8c7-4375-91a9-fe38524dd20f",
              "parentUUID": "fe207361-2350-4ae6-a38c-67ece10722d4",
              "isHook": false,
              "skipped": false
            }
          ],
          "suites": [],
          "passes": [
            "94384da9-a8c7-4375-91a9-fe38524dd20f"
          ],
          "failures": [],
          "pending": [],
          "skipped": [],
          "duration": 2732,
          "root": false,
          "rootEmpty": false,
          "_timeout": 2000
        }
      ],
      "passes": [],
      "failures": [],
      "pending": [],
      "skipped": [],
      "duration": 0,
      "root": true,
      "rootEmpty": true,
      "_timeout": 2000
    },
    {
      "uuid": "c437ea86-b218-407f-954d-93e6ede1aab6",
      "title": "",
      "fullFile": "cypress\\integration\\webdriver-uni\\file-upload.spec.js",
      "file": "cypress\\integration\\webdriver-uni\\file-upload.spec.js",
      "beforeHooks": [],
      "afterHooks": [],
      "tests": [],
      "suites": [
        {
          "uuid": "5dbe551d-2e90-445e-a0fa-84fa5da97836",
          "title": "Test File Upload via webdrivenuni",
          "fullFile": "",
          "file": "",
          "beforeHooks": [],
          "afterHooks": [],
          "tests": [
            {
              "title": "Uploading file...",
              "fullTitle": "Test File Upload via webdrivenuni Uploading file...",
              "timedOut": null,
              "duration": 2284,
              "state": "passed",
              "speed": "slow",
              "pass": true,
              "fail": false,
              "pending": false,
              "context": null,
              "code": "cy.fixture('laptop.png', 'base64').then(function (fileContent) {\n  cy.get('#myFile').attachFile({\n    fileContent: fileContent,\n    fileName: 'laptop.png',\n    mimeType: 'image/png'\n  }, {\n    uploadType: 'input',\n    force: true\n  });\n  cy.get('#submit-button').click();\n  cy.url().should('contain', 'laptop.png');\n});",
              "err": {},
              "uuid": "8f08eced-1e82-46b5-b6db-4b1192d41f5a",
              "parentUUID": "5dbe551d-2e90-445e-a0fa-84fa5da97836",
              "isHook": false,
              "skipped": false
            }
          ],
          "suites": [],
          "passes": [
            "8f08eced-1e82-46b5-b6db-4b1192d41f5a"
          ],
          "failures": [],
          "pending": [],
          "skipped": [],
          "duration": 2284,
          "root": false,
          "rootEmpty": false,
          "_timeout": 2000
        }
      ],
      "passes": [],
      "failures": [],
      "pending": [],
      "skipped": [],
      "duration": 0,
      "root": true,
      "rootEmpty": true,
      "_timeout": 2000
    },
    {
      "uuid": "b41d4f8b-6755-4580-94b9-1002888021a0",
      "title": "",
      "fullFile": "cypress\\integration\\webdriver-uni\\iframe.spec.js",
      "file": "cypress\\integration\\webdriver-uni\\iframe.spec.js",
      "beforeHooks": [],
      "afterHooks": [],
      "tests": [],
      "suites": [
        {
          "uuid": "5e4c0863-9961-4b8b-bf89-1b95771d53a0",
          "title": "Handling Iframe & Modals",
          "fullFile": "",
          "file": "",
          "beforeHooks": [],
          "afterHooks": [],
          "tests": [
            {
              "title": "Handle webdriver iframe and modal",
              "fullTitle": "Handling Iframe & Modals Handle webdriver iframe and modal",
              "timedOut": null,
              "duration": 2871,
              "state": "passed",
              "speed": "slow",
              "pass": true,
              "fail": false,
              "pending": false,
              "context": null,
              "code": "cy.get('#frame').then(function ($iframe) {\n  var body = $iframe.contents().find('body');\n  cy.wrap(body).as('iframe');\n});\ncy.get('@iframe').find('#button-find-out-more').click();\ncy.get('@iframe').find('#myModal').as('modal');\ncy.get('@modal').should(function ($expectedText) {\n  var text = $expectedText.text();\n  expect(text).contains('Welcome to');\n});\ncy.get('@modal').contains('Close').click();",
              "err": {},
              "uuid": "25bf2b03-acb9-445a-b1b2-1ee9f73b5724",
              "parentUUID": "5e4c0863-9961-4b8b-bf89-1b95771d53a0",
              "isHook": false,
              "skipped": false
            }
          ],
          "suites": [],
          "passes": [
            "25bf2b03-acb9-445a-b1b2-1ee9f73b5724"
          ],
          "failures": [],
          "pending": [],
          "skipped": [],
          "duration": 2871,
          "root": false,
          "rootEmpty": false,
          "_timeout": 2000
        }
      ],
      "passes": [],
      "failures": [],
      "pending": [],
      "skipped": [],
      "duration": 0,
      "root": true,
      "rootEmpty": true,
      "_timeout": 2000
    },
    {
      "uuid": "06831664-407e-4114-97a0-8bedaa039997",
      "title": "",
      "fullFile": "cypress\\integration\\webdriver-uni\\mouse-actions.spec.js",
      "file": "cypress\\integration\\webdriver-uni\\mouse-actions.spec.js",
      "beforeHooks": [],
      "afterHooks": [],
      "tests": [],
      "suites": [
        {
          "uuid": "7edcbb43-cf6d-4d28-bb31-df5b524e9cd8",
          "title": "Test mouse actions",
          "fullFile": "",
          "file": "",
          "beforeHooks": [],
          "afterHooks": [],
          "tests": [
            {
              "title": "I should be able to drag and drop a draggable item",
              "fullTitle": "Test mouse actions I should be able to drag and drop a draggable item",
              "timedOut": null,
              "duration": 1954,
              "state": "passed",
              "speed": "slow",
              "pass": true,
              "fail": false,
              "pending": false,
              "context": null,
              "code": "cy.get('#draggable').trigger('mousedown', {\n  which: 1\n});\ncy.get('#droppable').trigger('mousemove').trigger('mouseup', {\n  force: true\n});",
              "err": {},
              "uuid": "c3be3697-3bcb-4b25-8b15-59af5fea4808",
              "parentUUID": "7edcbb43-cf6d-4d28-bb31-df5b524e9cd8",
              "isHook": false,
              "skipped": false
            },
            {
              "title": "I should be able to perform a double mouse click",
              "fullTitle": "Test mouse actions I should be able to perform a double mouse click",
              "timedOut": null,
              "duration": 919,
              "state": "passed",
              "speed": "slow",
              "pass": true,
              "fail": false,
              "pending": false,
              "context": null,
              "code": "cy.get('#double-click').dblclick();",
              "err": {},
              "uuid": "bfb5fc7d-7db3-4b3b-8e7b-6292d65c22d0",
              "parentUUID": "7edcbb43-cf6d-4d28-bb31-df5b524e9cd8",
              "isHook": false,
              "skipped": false
            },
            {
              "title": "I should be able hold down the left mouse click button on a given item element",
              "fullTitle": "Test mouse actions I should be able hold down the left mouse click button on a given item element",
              "timedOut": null,
              "duration": 697,
              "state": "passed",
              "speed": "slow",
              "pass": true,
              "fail": false,
              "pending": false,
              "context": null,
              "code": "cy.get('#click-box').trigger('mousedown', {\n  which: 1\n}).then(function ($el) {\n  expect($el).to.have.css('background-color', 'rgb(0, 255, 0)');\n});",
              "err": {},
              "uuid": "abd3393d-9d80-45e3-be11-1f7afd430fc3",
              "parentUUID": "7edcbb43-cf6d-4d28-bb31-df5b524e9cd8",
              "isHook": false,
              "skipped": false
            }
          ],
          "suites": [],
          "passes": [
            "c3be3697-3bcb-4b25-8b15-59af5fea4808",
            "bfb5fc7d-7db3-4b3b-8e7b-6292d65c22d0",
            "abd3393d-9d80-45e3-be11-1f7afd430fc3"
          ],
          "failures": [],
          "pending": [],
          "skipped": [],
          "duration": 3570,
          "root": false,
          "rootEmpty": false,
          "_timeout": 2000
        }
      ],
      "passes": [],
      "failures": [],
      "pending": [],
      "skipped": [],
      "duration": 0,
      "root": true,
      "rootEmpty": true,
      "_timeout": 2000
    },
    {
      "uuid": "3781a82b-2aac-4ac4-a25a-f6a01a74e7e3",
      "title": "",
      "fullFile": "cypress\\integration\\webdriver-uni\\radios.spec.js",
      "file": "cypress\\integration\\webdriver-uni\\radios.spec.js",
      "beforeHooks": [],
      "afterHooks": [],
      "tests": [],
      "suites": [
        {
          "uuid": "fe441363-240f-41f1-a83b-4ec28b9031e9",
          "title": "Verify radio-buttons via webdrivenuni",
          "fullFile": "",
          "file": "",
          "beforeHooks": [],
          "afterHooks": [],
          "tests": [
            {
              "title": "Check and validate radio-buttons",
              "fullTitle": "Verify radio-buttons via webdrivenuni Check and validate radio-buttons",
              "timedOut": null,
              "duration": 2180,
              "state": "passed",
              "speed": "slow",
              "pass": true,
              "fail": false,
              "pending": false,
              "context": null,
              "code": "cy.get('#radio-buttons').find('[type=\"radio\"]').eq(1).should('have.attr', 'value', 'blue').check().should('be.checked');",
              "err": {},
              "uuid": "94da3993-73d7-4c6a-a667-59c04719d272",
              "parentUUID": "fe441363-240f-41f1-a83b-4ec28b9031e9",
              "isHook": false,
              "skipped": false
            }
          ],
          "suites": [],
          "passes": [
            "94da3993-73d7-4c6a-a667-59c04719d272"
          ],
          "failures": [],
          "pending": [],
          "skipped": [],
          "duration": 2180,
          "root": false,
          "rootEmpty": false,
          "_timeout": 2000
        }
      ],
      "passes": [],
      "failures": [],
      "pending": [],
      "skipped": [],
      "duration": 0,
      "root": true,
      "rootEmpty": true,
      "_timeout": 2000
    },
    {
      "uuid": "da5f4720-9913-4091-812b-0fc10abb4dc1",
      "title": "",
      "fullFile": "cypress\\integration\\webdriver-uni\\traversing.spec.js",
      "file": "cypress\\integration\\webdriver-uni\\traversing.spec.js",
      "beforeHooks": [],
      "afterHooks": [],
      "tests": [],
      "suites": [
        {
          "uuid": "b2ab651c-7291-4013-a28d-d6d712839bb1",
          "title": "Test mouse actions",
          "fullFile": "",
          "file": "",
          "beforeHooks": [],
          "afterHooks": [],
          "tests": [
            {
              "title": "children() to get the childrent of DOM elements",
              "fullTitle": "Test mouse actions children() to get the childrent of DOM elements",
              "timedOut": null,
              "duration": 2350,
              "state": "passed",
              "speed": "slow",
              "pass": true,
              "fail": false,
              "pending": false,
              "context": null,
              "code": "cy.get('.traversal-breadcrumb').children('.active').should('contain', 'Contact Us');",
              "err": {},
              "uuid": "bdd799e0-9571-47fe-b1ef-dcfa4ab7e17d",
              "parentUUID": "b2ab651c-7291-4013-a28d-d6d712839bb1",
              "isHook": false,
              "skipped": false
            },
            {
              "title": "closest() to validate the closest ancestor DOM elements",
              "fullTitle": "Test mouse actions closest() to validate the closest ancestor DOM elements",
              "timedOut": null,
              "duration": 1014,
              "state": "passed",
              "speed": "slow",
              "pass": true,
              "fail": false,
              "pending": false,
              "context": null,
              "code": "cy.get('.traversal-badge').closest('ul').should('have.class', 'list-group');",
              "err": {},
              "uuid": "42fd9f77-3316-413d-89b1-245d39fa348d",
              "parentUUID": "b2ab651c-7291-4013-a28d-d6d712839bb1",
              "isHook": false,
              "skipped": false
            }
          ],
          "suites": [],
          "passes": [
            "bdd799e0-9571-47fe-b1ef-dcfa4ab7e17d",
            "42fd9f77-3316-413d-89b1-245d39fa348d"
          ],
          "failures": [],
          "pending": [],
          "skipped": [],
          "duration": 3364,
          "root": false,
          "rootEmpty": false,
          "_timeout": 2000
        }
      ],
      "passes": [],
      "failures": [],
      "pending": [],
      "skipped": [],
      "duration": 0,
      "root": true,
      "rootEmpty": true,
      "_timeout": 2000
    },
    {
      "uuid": "c1ccfe36-4962-4775-b4df-c85a939972e5",
      "title": "",
      "fullFile": "cypress\\integration\\automation-test-store\\add-multiple-items-to-basket.spec.js",
      "file": "cypress\\integration\\automation-test-store\\add-multiple-items-to-basket.spec.js",
      "beforeHooks": [],
      "afterHooks": [],
      "tests": [],
      "suites": [
        {
          "uuid": "4265e44d-2080-4c4f-be0b-a43c8f388c2f",
          "title": "Add multiple items to basket",
          "fullFile": "",
          "file": "",
          "beforeHooks": [],
          "afterHooks": [],
          "tests": [
            {
              "title": "Add specific items to basket",
              "fullTitle": "Add multiple items to basket Add specific items to basket",
              "timedOut": null,
              "duration": 12284,
              "state": "passed",
              "speed": "slow",
              "pass": true,
              "fail": false,
              "pending": false,
              "context": null,
              "code": "data.productName.forEach(function (product) {\n  cy.addProductToBasket(product);\n});\ncy.get('.dropdown-toggle > .fa').click();",
              "err": {},
              "uuid": "7751d1a0-57d9-43a0-8e0a-d4da92d54071",
              "parentUUID": "4265e44d-2080-4c4f-be0b-a43c8f388c2f",
              "isHook": false,
              "skipped": false
            }
          ],
          "suites": [],
          "passes": [
            "7751d1a0-57d9-43a0-8e0a-d4da92d54071"
          ],
          "failures": [],
          "pending": [],
          "skipped": [],
          "duration": 12284,
          "root": false,
          "rootEmpty": false,
          "_timeout": 2000
        }
      ],
      "passes": [],
      "failures": [],
      "pending": [],
      "skipped": [],
      "duration": 0,
      "root": true,
      "rootEmpty": true,
      "_timeout": 2000
    }
  ],
  "meta": {
    "mocha": {
      "version": "7.0.1"
    },
    "mochawesome": {
      "options": {
        "quiet": false,
        "reportFilename": "mochawesome",
        "saveHtml": false,
        "saveJson": true,
        "consoleReporter": "spec",
        "useInlineDiffs": false,
        "code": true
      },
      "version": "6.1.1"
    },
    "marge": {
      "options": {
        "id": "default",
        "reportDir": "cypress/results/mochawesome",
        "quite": true,
        "overwrite": false,
        "html": false,
        "json": true
      },
      "version": "5.1.0"
    }
  }
}